#
# There is insufficient memory for the Java Runtime Environment to continue.
# Native memory allocation (malloc) failed to allocate 1873056 bytes for Chunk::new
# Possible reasons:
#   The system is out of physical RAM or swap space
#   In 32 bit mode, the process size limit was hit
# Possible solutions:
#   Reduce memory load on the system
#   Increase physical memory or swap space
#   Check if swap backing store is full
#   Use 64 bit Java on a 64 bit OS
#   Decrease Java heap size (-Xmx/-Xms)
#   Decrease number of Java threads
#   Decrease Java thread stack sizes (-Xss)
#   Set larger code cache with -XX:ReservedCodeCacheSize=
# This output file may be truncated or incomplete.
#
#  Out of Memory Error (allocation.cpp:390), pid=7136, tid=7072
#
# JRE version: Java(TM) SE Runtime Environment (8.0_40-b26) (build 1.8.0_40-b26)
# Java VM: Java HotSpot(TM) 64-Bit Server VM (25.40-b25 mixed mode windows-amd64 compressed oops)
# Failed to write core dump. Minidumps are not enabled by default on client versions of Windows
#

---------------  T H R E A D  ---------------

Current thread (0x000000001453f800):  JavaThread "C2 CompilerThread1" daemon [_thread_in_native, id=7072, stack(0x0000000015ba0000,0x0000000015ca0000)]

Stack: [0x0000000015ba0000,0x0000000015ca0000]
Native frames: (J=compiled Java code, j=interpreted, Vv=VM code, C=native code)
V  [jvm.dll+0x32b47a]
V  [jvm.dll+0x2797f3]
V  [jvm.dll+0x27a489]
V  [jvm.dll+0x2717a5]
V  [jvm.dll+0xcb9a2]
V  [jvm.dll+0xcbe6c]
V  [jvm.dll+0x476ea2]
V  [jvm.dll+0x4b950f]
V  [jvm.dll+0x46bf81]
V  [jvm.dll+0x46ccbe]
V  [jvm.dll+0x4500d2]
V  [jvm.dll+0xa4312]
V  [jvm.dll+0xa4c4f]
V  [jvm.dll+0x241914]
V  [jvm.dll+0x29848a]
C  [msvcr100.dll+0x21d9f]
C  [msvcr100.dll+0x21e3b]
C  [KERNEL32.DLL+0x13d2]
C  [ntdll.dll+0x15444]


Current CompileTask:
C2:  13245 1768       4       com.android.dx.dex.code.RopToDop::dopFor (792 bytes)


---------------  P R O C E S S  ---------------

Java Threads: ( => current thread )
  0x0000000015dbc800 JavaThread "Service Thread" daemon [_thread_blocked, id=2140, stack(0x00000000161a0000,0x00000000162a0000)]
  0x0000000014546800 JavaThread "C1 CompilerThread2" daemon [_thread_blocked, id=1700, stack(0x0000000015ca0000,0x0000000015da0000)]
=>0x000000001453f800 JavaThread "C2 CompilerThread1" daemon [_thread_in_native, id=7072, stack(0x0000000015ba0000,0x0000000015ca0000)]
  0x000000001453b800 JavaThread "C2 CompilerThread0" daemon [_thread_in_native, id=4996, stack(0x0000000015aa0000,0x0000000015ba0000)]
  0x000000001453a000 JavaThread "Attach Listener" daemon [_thread_blocked, id=6840, stack(0x00000000159a0000,0x0000000015aa0000)]
  0x0000000014539000 JavaThread "Signal Dispatcher" daemon [_thread_blocked, id=204, stack(0x00000000158a0000,0x00000000159a0000)]
  0x0000000001e66000 JavaThread "Finalizer" daemon [_thread_blocked, id=2120, stack(0x00000000157a0000,0x00000000158a0000)]
  0x0000000001e5d000 JavaThread "Reference Handler" daemon [_thread_blocked, id=6208, stack(0x00000000156a0000,0x00000000157a0000)]
  0x0000000001d70800 JavaThread "main" [_thread_in_native, id=6948, stack(0x0000000001c70000,0x0000000001d70000)]

Other Threads:
  0x0000000014507800 VMThread [stack: 0x00000000155a0000,0x00000000156a0000] [id=3584]
  0x0000000015dbe000 WatcherThread [stack: 0x00000000162a0000,0x00000000163a0000] [id=4000]

VM state:not at safepoint (normal execution)

VM Mutex/Monitor currently owned by a thread: None

Heap:
 PSYoungGen      total 72704K, used 71394K [0x00000000eab00000, 0x00000000efc00000, 0x0000000100000000)
  eden space 64000K, 97% used [0x00000000eab00000,0x00000000ee839480,0x00000000ee980000)
  from space 8704K, 99% used [0x00000000ee980000,0x00000000ef1ff460,0x00000000ef200000)
  to   space 7168K, 0% used [0x00000000ef200000,0x00000000ef200000,0x00000000ef900000)
 ParOldGen       total 71168K, used 38716K [0x00000000c0000000, 0x00000000c4580000, 0x00000000eab00000)
  object space 71168K, 54% used [0x00000000c0000000,0x00000000c25cf320,0x00000000c4580000)
 Metaspace       used 6058K, capacity 7152K, committed 7296K, reserved 1056768K
  class space    used 575K, capacity 616K, committed 640K, reserved 1048576K

Card table byte_map: [0x0000000011230000,0x0000000011440000] byte_map_base: 0x0000000010c30000

Marking Bits: (ParMarkBitMap*) 0x000000005c7f4040
 Begin Bits: [0x00000000119a0000, 0x00000000129a0000)
 End Bits:   [0x00000000129a0000, 0x00000000139a0000)

Polling page: 0x0000000001b30000

CodeCache: size=245760Kb used=8111Kb max_used=8111Kb free=237648Kb
 bounds [0x0000000001e70000, 0x0000000002670000, 0x0000000010e70000]
 total_blobs=2107 nmethods=1842 adapters=178
 compilation: enabled

Compilation events (10 events):
Event: 11.694 Thread 0x0000000014546800 1841       2       com.android.dx.command.dexer.Main::fixPath (56 bytes)
Event: 11.695 Thread 0x0000000014546800 nmethod 1841 0x0000000002618c90 code [0x0000000002618e40, 0x00000000026190c8]
Event: 11.695 Thread 0x0000000014546800 1842       2       java.lang.String::lastIndexOf (11 bytes)
Event: 11.695 Thread 0x0000000014546800 nmethod 1842 0x00000000025f4e90 code [0x00000000025f5000, 0x00000000025f51a8]
Event: 11.695 Thread 0x0000000014546800 1843       2       java.lang.String::lastIndexOf (25 bytes)
Event: 11.695 Thread 0x0000000014546800 nmethod 1843 0x0000000002619310 code [0x0000000002619480, 0x0000000002619628]
Event: 11.695 Thread 0x0000000014546800 1845   !   2       com.android.dx.dex.file.ClassDefsSection::add (75 bytes)
Event: 11.697 Thread 0x0000000014546800 nmethod 1845 0x0000000002619750 code [0x0000000002619940, 0x0000000002619f78]
Event: 11.697 Thread 0x0000000014546800 1844       1       com.android.dx.cf.direct.DirectClassFile$DcfTypeList::isMutable (2 bytes)
Event: 11.697 Thread 0x0000000014546800 nmethod 1844 0x000000000261a4d0 code [0x000000000261a620, 0x000000000261a730]

GC Heap History (10 events):
Event: 9.312 GC heap before
{Heap before GC invocations=5 (full 0):
 PSYoungGen      total 35328K, used 35312K [0x00000000eab00000, 0x00000000ed000000, 0x0000000100000000)
  eden space 32768K, 100% used [0x00000000eab00000,0x00000000ecb00000,0x00000000ecb00000)
  from space 2560K, 99% used [0x00000000ecd80000,0x00000000ecffc2b0,0x00000000ed000000)
  to   space 2560K, 0% used [0x00000000ecb00000,0x00000000ecb00000,0x00000000ecd80000)
 ParOldGen       total 44032K, used 8500K [0x00000000c0000000, 0x00000000c2b00000, 0x00000000eab00000)
  object space 44032K, 19% used [0x00000000c0000000,0x00000000c084d1b8,0x00000000c2b00000)
 Metaspace       used 5871K, capacity 7088K, committed 7296K, reserved 1056768K
  class space    used 556K, capacity 616K, committed 640K, reserved 1048576K
Event: 9.336 GC heap after
Heap after GC invocations=5 (full 0):
 PSYoungGen      total 35328K, used 2544K [0x00000000eab00000, 0x00000000ef900000, 0x0000000100000000)
  eden space 32768K, 0% used [0x00000000eab00000,0x00000000eab00000,0x00000000ecb00000)
  from space 2560K, 99% used [0x00000000ecb00000,0x00000000ecd7c2b0,0x00000000ecd80000)
  to   space 7168K, 0% used [0x00000000ef200000,0x00000000ef200000,0x00000000ef900000)
 ParOldGen       total 44032K, used 13475K [0x00000000c0000000, 0x00000000c2b00000, 0x00000000eab00000)
  object space 44032K, 30% used [0x00000000c0000000,0x00000000c0d28dd0,0x00000000c2b00000)
 Metaspace       used 5871K, capacity 7088K, committed 7296K, reserved 1056768K
  class space    used 556K, capacity 616K, committed 640K, reserved 1048576K
}
Event: 9.753 GC heap before
{Heap before GC invocations=6 (full 0):
 PSYoungGen      total 35328K, used 35312K [0x00000000eab00000, 0x00000000ef900000, 0x0000000100000000)
  eden space 32768K, 100% used [0x00000000eab00000,0x00000000ecb00000,0x00000000ecb00000)
  from space 2560K, 99% used [0x00000000ecb00000,0x00000000ecd7c2b0,0x00000000ecd80000)
  to   space 7168K, 0% used [0x00000000ef200000,0x00000000ef200000,0x00000000ef900000)
 ParOldGen       total 44032K, used 13475K [0x00000000c0000000, 0x00000000c2b00000, 0x00000000eab00000)
  object space 44032K, 30% used [0x00000000c0000000,0x00000000c0d28dd0,0x00000000c2b00000)
 Metaspace       used 5897K, capacity 7088K, committed 7296K, reserved 1056768K
  class space    used 557K, capacity 616K, committed 640K, reserved 1048576K
Event: 9.781 GC heap after
Heap after GC invocations=6 (full 0):
 PSYoungGen      total 71168K, used 7152K [0x00000000eab00000, 0x00000000efc00000, 0x0000000100000000)
  eden space 64000K, 0% used [0x00000000eab00000,0x00000000eab00000,0x00000000ee980000)
  from space 7168K, 99% used [0x00000000ef200000,0x00000000ef8fc2c0,0x00000000ef900000)
  to   space 8704K, 0% used [0x00000000ee980000,0x00000000ee980000,0x00000000ef200000)
 ParOldGen       total 44032K, used 14298K [0x00000000c0000000, 0x00000000c2b00000, 0x00000000eab00000)
  object space 44032K, 32% used [0x00000000c0000000,0x00000000c0df6a08,0x00000000c2b00000)
 Metaspace       used 5897K, capacity 7088K, committed 7296K, reserved 1056768K
  class space    used 557K, capacity 616K, committed 640K, reserved 1048576K
}
Event: 10.548 GC heap before
{Heap before GC invocations=7 (full 0):
 PSYoungGen      total 71168K, used 71152K [0x00000000eab00000, 0x00000000efc00000, 0x0000000100000000)
  eden space 64000K, 100% used [0x00000000eab00000,0x00000000ee980000,0x00000000ee980000)
  from space 7168K, 99% used [0x00000000ef200000,0x00000000ef8fc2c0,0x00000000ef900000)
  to   space 8704K, 0% used [0x00000000ee980000,0x00000000ee980000,0x00000000ef200000)
 ParOldGen       total 44032K, used 14298K [0x00000000c0000000, 0x00000000c2b00000, 0x00000000eab00000)
  object space 44032K, 32% used [0x00000000c0000000,0x00000000c0df6a08,0x00000000c2b00000)
 Metaspace       used 5943K, capacity 7152K, committed 7296K, reserved 1056768K
  class space    used 557K, capacity 616K, committed 640K, reserved 1048576K
Event: 10.585 GC heap after
Heap after GC invocations=7 (full 0):
 PSYoungGen      total 72704K, used 8675K [0x00000000eab00000, 0x00000000efc00000, 0x0000000100000000)
  eden space 64000K, 0% used [0x00000000eab00000,0x00000000eab00000,0x00000000ee980000)
  from space 8704K, 99% used [0x00000000ee980000,0x00000000ef1f8f50,0x00000000ef200000)
  to   space 7168K, 0% used [0x00000000ef200000,0x00000000ef200000,0x00000000ef900000)
 ParOldGen       total 44032K, used 22210K [0x00000000c0000000, 0x00000000c2b00000, 0x00000000eab00000)
  object space 44032K, 50% used [0x00000000c0000000,0x00000000c15b0a40,0x00000000c2b00000)
 Metaspace       used 5943K, capacity 7152K, committed 7296K, reserved 1056768K
  class space    used 557K, capacity 616K, committed 640K, reserved 1048576K
}
Event: 11.234 GC heap before
{Heap before GC invocations=8 (full 0):
 PSYoungGen      total 72704K, used 72675K [0x00000000eab00000, 0x00000000efc00000, 0x0000000100000000)
  eden space 64000K, 100% used [0x00000000eab00000,0x00000000ee980000,0x00000000ee980000)
  from space 8704K, 99% used [0x00000000ee980000,0x00000000ef1f8f50,0x00000000ef200000)
  to   space 7168K, 0% used [0x00000000ef200000,0x00000000ef200000,0x00000000ef900000)
 ParOldGen       total 44032K, used 22210K [0x00000000c0000000, 0x00000000c2b00000, 0x00000000eab00000)
  object space 44032K, 50% used [0x00000000c0000000,0x00000000c15b0a40,0x00000000c2b00000)
 Metaspace       used 5951K, capacity 7152K, committed 7296K, reserved 1056768K
  class space    used 557K, capacity 616K, committed 640K, reserved 1048576K
Event: 11.286 GC heap after
Heap after GC invocations=8 (full 0):
 PSYoungGen      total 71168K, used 7146K [0x00000000eab00000, 0x00000000efc00000, 0x0000000100000000)
  eden space 64000K, 0% used [0x00000000eab00000,0x00000000eab00000,0x00000000ee980000)
  from space 7168K, 99% used [0x00000000ef200000,0x00000000ef8fa958,0x00000000ef900000)
  to   space 8704K, 0% used [0x00000000ee980000,0x00000000ee980000,0x00000000ef200000)
 ParOldGen       total 44032K, used 33715K [0x00000000c0000000, 0x00000000c2b00000, 0x00000000eab00000)
  object space 44032K, 76% used [0x00000000c0000000,0x00000000c20ecd70,0x00000000c2b00000)
 Metaspace       used 5951K, capacity 7152K, committed 7296K, reserved 1056768K
  class space    used 557K, capacity 616K, committed 640K, reserved 1048576K
}
Event: 11.286 GC heap before
{Heap before GC invocations=9 (full 1):
 PSYoungGen      total 71168K, used 7146K [0x00000000eab00000, 0x00000000efc00000, 0x0000000100000000)
  eden space 64000K, 0% used [0x00000000eab00000,0x00000000eab00000,0x00000000ee980000)
  from space 7168K, 99% used [0x00000000ef200000,0x00000000ef8fa958,0x00000000ef900000)
  to   space 8704K, 0% used [0x00000000ee980000,0x00000000ee980000,0x00000000ef200000)
 ParOldGen       total 44032K, used 33715K [0x00000000c0000000, 0x00000000c2b00000, 0x00000000eab00000)
  object space 44032K, 76% used [0x00000000c0000000,0x00000000c20ecd70,0x00000000c2b00000)
 Metaspace       used 5951K, capacity 7152K, committed 7296K, reserved 1056768K
  class space    used 557K, capacity 616K, committed 640K, reserved 1048576K
Event: 11.674 GC heap after
Heap after GC invocations=9 (full 1):
 PSYoungGen      total 71168K, used 0K [0x00000000eab00000, 0x00000000efc00000, 0x0000000100000000)
  eden space 64000K, 0% used [0x00000000eab00000,0x00000000eab00000,0x00000000ee980000)
  from space 7168K, 0% used [0x00000000ef200000,0x00000000ef200000,0x00000000ef900000)
  to   space 8704K, 0% used [0x00000000ee980000,0x00000000ee980000,0x00000000ef200000)
 ParOldGen       total 71168K, used 37460K [0x00000000c0000000, 0x00000000c4580000, 0x00000000eab00000)
  object space 71168K, 52% used [0x00000000c0000000,0x00000000c2495370,0x00000000c4580000)
 Metaspace       used 5951K, capacity 7152K, committed 7296K, reserved 1056768K
  class space    used 557K, capacity 616K, committed 640K, reserved 1048576K
}

Deoptimization events (10 events):
Event: 9.817 Thread 0x0000000001d70800 Uncommon trap: reason=bimorphic action=maybe_recompile pc=0x00000000024cbd10 method=com.android.dx.rop.code.RegisterSpec.withSimpleType()Lcom/android/dx/rop/code/RegisterSpec; @ 21
Event: 10.037 Thread 0x0000000001d70800 Uncommon trap: reason=unstable_if action=reinterpret pc=0x00000000022fd4fc method=com.android.dx.util.IntList.binarysearch(I)I @ 105
Event: 10.047 Thread 0x0000000001d70800 Uncommon trap: reason=unstable_if action=reinterpret pc=0x00000000023b3a0c method=com.android.dx.ssa.MoveParamCombiner$1.visitNonMoveInsn(Lcom/android/dx/ssa/NormalSsaInsn;)V @ 27
Event: 10.091 Thread 0x0000000001d70800 Uncommon trap: reason=bimorphic action=maybe_recompile pc=0x0000000002494f30 method=com.android.dx.cf.code.BytecodeArray.parseInstruction(ILcom/android/dx/cf/code/BytecodeArray$Visitor;)I @ 1501
Event: 10.091 Thread 0x0000000001d70800 Uncommon trap: reason=bimorphic action=maybe_recompile pc=0x0000000002497508 method=com.android.dx.cf.code.BytecodeArray.parseInstruction(ILcom/android/dx/cf/code/BytecodeArray$Visitor;)I @ 2135
Event: 10.091 Thread 0x0000000001d70800 Uncommon trap: reason=bimorphic action=maybe_recompile pc=0x0000000002494f30 method=com.android.dx.cf.code.BytecodeArray.parseInstruction(ILcom/android/dx/cf/code/BytecodeArray$Visitor;)I @ 1501
Event: 10.091 Thread 0x0000000001d70800 Uncommon trap: reason=bimorphic action=maybe_recompile pc=0x0000000002497508 method=com.android.dx.cf.code.BytecodeArray.parseInstruction(ILcom/android/dx/cf/code/BytecodeArray$Visitor;)I @ 2135
Event: 10.106 Thread 0x0000000001d70800 Uncommon trap: reason=unstable_if action=reinterpret pc=0x00000000024fd260 method=com.android.dx.ssa.SCCP.simulateStmt(Lcom/android/dx/ssa/SsaInsn;)V @ 59
Event: 10.759 Thread 0x0000000001d70800 Uncommon trap: reason=class_check action=maybe_recompile pc=0x0000000002411b44 method=java.util.HashMap.putVal(ILjava/lang/Object;Ljava/lang/Object;ZZ)Ljava/lang/Object; @ 203
Event: 11.230 Thread 0x0000000001d70800 Uncommon trap: reason=class_check action=maybe_recompile pc=0x0000000002411b44 method=java.util.HashMap.putVal(ILjava/lang/Object;Ljava/lang/Object;ZZ)Ljava/lang/Object; @ 203

Internal exceptions (4 events):
Event: 0.986 Thread 0x0000000001d70800 Exception <a 'java/lang/NoSuchMethodError': Method sun.misc.Unsafe.defineClass(Ljava/lang/String;[BII)Ljava/lang/Class; name or signature does not match> (0x00000000eab0cc70) thrown at [D:\re\workspace\8-2-build-windows-amd64-cygwin\jdk8u40\3098\hotspot\sr-ÃZÈkçÔ?
Event: 0.986 Thread 0x0000000001d70800 Exception <a 'java/lang/NoSuchMethodError': Method sun.misc.Unsafe.prefetchRead(Ljava/lang/Object;J)V name or signature does not match> (0x00000000eab0cf00) thrown at [D:\re\workspace\8-2-build-windows-amd64-cygwin\jdk8u40\3098\hotspot\src\share\vm\prims\jnFÓ˙*@
Event: 7.542 Thread 0x0000000001d70800 Implicit null exception at 0x0000000002251ba2 to 0x0000000002251c92
Event: 9.747 Thread 0x0000000001d70800 Implicit null exception at 0x000000000240150e to 0x00000000024027dd

Events (10 events):
Event: 11.000 Thread 0x0000000001d70800 DEOPT UNPACKING pc=0x0000000001eb787f sp=0x0000000001d6e998 mode 0
Event: 11.006 Thread 0x0000000001d70800 DEOPT PACKING pc=0x00000000024b6212 sp=0x0000000001d6e850
Event: 11.006 Thread 0x0000000001d70800 DEOPT UNPACKING pc=0x0000000001eb787f sp=0x0000000001d6e660 mode 0
Event: 11.058 Thread 0x0000000001d70800 DEOPT PACKING pc=0x00000000024bd8e1 sp=0x0000000001d6e750
Event: 11.058 Thread 0x0000000001d70800 DEOPT UNPACKING pc=0x0000000001eb787f sp=0x0000000001d6e510 mode 0
Event: 11.230 Thread 0x0000000001d70800 Uncommon trap: trap_request=0xffffffde fr.pc=0x0000000002411b44
Event: 11.230 Thread 0x0000000001d70800 DEOPT PACKING pc=0x0000000002411b44 sp=0x0000000001d6e3d0
Event: 11.230 Thread 0x0000000001d70800 DEOPT UNPACKING pc=0x0000000001eb582a sp=0x0000000001d6e358 mode 2
Event: 11.234 Executing VM operation: ParallelGCFailedAllocation
Event: 11.674 Executing VM operation: ParallelGCFailedAllocation done


Dynamic libraries:
0x00007ff76fae0000 - 0x00007ff76fb17000 	C:\Program Files\Java\jdk1.8.0_40\bin\java.exe
0x00007ff9b4150000 - 0x00007ff9b42fc000 	C:\Windows\SYSTEM32\ntdll.dll
0x00007ff9b19b0000 - 0x00007ff9b1aee000 	C:\Windows\system32\KERNEL32.DLL
0x00007ff9b16b0000 - 0x00007ff9b17c5000 	C:\Windows\system32\KERNELBASE.dll
0x00007ff9afe20000 - 0x00007ff9afeae000 	C:\Windows\system32\apphelp.dll
0x00007ff9af150000 - 0x00007ff9af1a3000 	C:\Windows\AppPatch\AppPatch64\AcGenral.DLL
0x00007ff9b1da0000 - 0x00007ff9b1e4a000 	C:\Windows\system32\msvcrt.dll
0x00007ff9b10d0000 - 0x00007ff9b10fe000 	C:\Windows\SYSTEM32\SspiCli.dll
0x00007ff9b3e70000 - 0x00007ff9b3ec4000 	C:\Windows\system32\SHLWAPI.dll
0x00007ff9b2640000 - 0x00007ff9b27b7000 	C:\Windows\system32\USER32.dll
0x00007ff9b1810000 - 0x00007ff9b19a4000 	C:\Windows\system32\ole32.dll
0x00007ff9b2950000 - 0x00007ff9b3e68000 	C:\Windows\system32\SHELL32.dll
0x00007ff9b0840000 - 0x00007ff9b0861000 	C:\Windows\SYSTEM32\USERENV.dll
0x00007ff9b24d0000 - 0x00007ff9b257a000 	C:\Windows\system32\ADVAPI32.dll
0x00007ff99ea60000 - 0x00007ff99ea7e000 	C:\Windows\SYSTEM32\MPR.dll
0x00007ff9b1af0000 - 0x00007ff9b1c31000 	C:\Windows\system32\RPCRT4.dll
0x00007ff9b28f0000 - 0x00007ff9b2949000 	C:\Windows\SYSTEM32\sechost.dll
0x00007ff9b2030000 - 0x00007ff9b2241000 	C:\Windows\SYSTEM32\combase.dll
0x00007ff9b1c40000 - 0x00007ff9b1d91000 	C:\Windows\system32\GDI32.dll
0x00007ff9b12a0000 - 0x00007ff9b12b5000 	C:\Windows\SYSTEM32\profapi.dll
0x00007ff9af7f0000 - 0x00007ff9af8a2000 	C:\Windows\SYSTEM32\SHCORE.dll
0x00007ff9b25f0000 - 0x00007ff9b2626000 	C:\Windows\system32\IMM32.DLL
0x00007ff9b3f90000 - 0x00007ff9b40e2000 	C:\Windows\system32\MSCTF.dll
0x00007ff9af370000 - 0x00007ff9af5eb000 	C:\Windows\WinSxS\amd64_microsoft.windows.common-controls_6595b64144ccf1df_6.0.9600.17415_none_6240486fecbd8abb\COMCTL32.dll
0x000000005be60000 - 0x000000005bf32000 	C:\Program Files\Java\jdk1.8.0_40\jre\bin\msvcr100.dll
0x000000005bff0000 - 0x000000005c873000 	C:\Program Files\Java\jdk1.8.0_40\jre\bin\server\jvm.dll
0x00007ff9a89b0000 - 0x00007ff9a89b9000 	C:\Windows\SYSTEM32\WSOCK32.dll
0x00007ff9ad360000 - 0x00007ff9ad382000 	C:\Windows\SYSTEM32\WINMM.dll
0x00007ff9aea80000 - 0x00007ff9aea8a000 	C:\Windows\SYSTEM32\VERSION.dll
0x00007ff9b24c0000 - 0x00007ff9b24c7000 	C:\Windows\system32\PSAPI.DLL
0x00007ff9b40f0000 - 0x00007ff9b414a000 	C:\Windows\system32\WS2_32.dll
0x00007ff9ad330000 - 0x00007ff9ad35a000 	C:\Windows\SYSTEM32\WINMMBASE.dll
0x00007ff9b17f0000 - 0x00007ff9b17f9000 	C:\Windows\system32\NSI.dll
0x00007ff9b1660000 - 0x00007ff9b16af000 	C:\Windows\SYSTEM32\cfgmgr32.dll
0x00007ff9b0090000 - 0x00007ff9b00b8000 	C:\Windows\SYSTEM32\DEVOBJ.dll
0x000000005ce80000 - 0x000000005ce8f000 	C:\Program Files\Java\jdk1.8.0_40\jre\bin\verify.dll
0x000000005cca0000 - 0x000000005ccc9000 	C:\Program Files\Java\jdk1.8.0_40\jre\bin\java.dll
0x000000005ce60000 - 0x000000005ce76000 	C:\Program Files\Java\jdk1.8.0_40\jre\bin\zip.dll
0x00007ff9a2900000 - 0x00007ff9a2a8a000 	C:\Windows\SYSTEM32\dbghelp.dll

VM Arguments:
jvm_args: -Xmx1024M -Dfile.encoding=windows-1252 -Duser.country=US -Duser.language=en -Duser.variant 
java_command: com.android.dx.command.Main --dex --output D:\My Projects#1\MadiApps\server\build\intermediates\pre-dexed\debug\classes-0b0732b9332f8f0983d419195f9e100097640ddf.jar D:\My Projects#1\MadiApps\server\build\intermediates\exploded-aar\com.android.support\support-v4\22.0.0\classes.jar
java_class_path (initial): D:\android-studio\sdk\build-tools\21.1.2\lib\dx.jar
Launcher Type: SUN_STANDARD

Environment Variables:
PATH=%C_EM64T_REDIST11%bin\Intel64;C:\ProgramData\Oracle\Java\javapath;C:\Windows\system32;C:\Windows;C:\Windows\System32\Wbem;C:\Windows\System32\WindowsPowerShell\v1.0\;C:\Program Files\Java\jdk1.8.0_40\bin
USERNAME=Zhenis Madiyar
OS=Windows_NT
PROCESSOR_IDENTIFIER=Intel64 Family 6 Model 58 Stepping 9, GenuineIntel



---------------  S Y S T E M  ---------------

OS: Windows 8.1 , 64 bit Build 9600 (6.3.9600.17415)

CPU:total 4 (2 cores per cpu, 2 threads per core) family 6 model 58 stepping 9, cmov, cx8, fxsr, mmx, sse, sse2, sse3, ssse3, sse4.1, sse4.2, popcnt, avx, clmul, erms, ht, tsc, tscinvbit, tscinv

Memory: 4k page, physical 4066664k(232728k free), swap 7212392k(4516k free)

vm_info: Java HotSpot(TM) 64-Bit Server VM (25.40-b25) for windows-amd64 JRE (1.8.0_40-b26), built on Mar  7 2015 13:51:59 by "java_re" with MS VC++ 10.0 (VS2010)

time: Tue May 12 14:10:52 2015
elapsed time: 13 seconds (0d 0h 0m 13s)

